<?xml version="1.0" encoding="UTF-8"?>
<!-- Generated by org.testng.reporters.JUnitReportReporter -->
<testsuite skipped="0" hostname="LAPTOP-A7HIT538" name="com.codekuul.util.Runner" tests="5" failures="0" timestamp="2021-12-11T14:42:16 IST" time="8.409" errors="0">
  <testcase name="runScenario" time="0.014" classname="com.codekuul.util.Runner"/>
  <system-out/>
  <testcase name="runScenario" time="8.359" classname="com.codekuul.util.Runner"/>
  <system-out/>
  <testcase name="runScenario" time="0.007" classname="com.codekuul.util.Runner"/>
  <system-out/>
  <testcase name="runScenario" time="0.006" classname="com.codekuul.util.Runner"/>
  <system-out/>
  <testcase name="runScenario" time="0.023" classname="com.codekuul.util.Runner"/>
  <system-out/>
</testsuite> <!-- com.codekuul.util.Runner -->
