<?xml version="1.0" encoding="UTF-8"?>
<!-- Generated by org.testng.reporters.JUnitReportReporter -->
<testsuite skipped="0" hostname="LAPTOP-A7HIT538" name="com.codekuul.uitest.WebinarPageTest" tests="1" failures="0" timestamp="2022-01-31T14:56:37 IST" time="35.812" errors="0">
  <testcase name="validateSearchWebinarFunctionality" time="35.812" classname="com.codekuul.uitest.WebinarPageTest"/>
  <system-out/>
</testsuite> <!-- com.codekuul.uitest.WebinarPageTest -->
