<?xml version="1.0" encoding="UTF-8"?>
<!-- Generated by org.testng.reporters.JUnitReportReporter -->
<testsuite skipped="0" hostname="LAPTOP-A7HIT538" name="com.codekuul.uitest.HomePageTests" tests="1" failures="0" timestamp="2021-12-08T18:51:15 IST" time="21.906" errors="0">
  <testcase name="verifyTitleOfHomePage" time="21.906" classname="com.codekuul.uitest.HomePageTests"/>
  <system-out/>
</testsuite> <!-- com.codekuul.uitest.HomePageTests -->
