<?xml version="1.0" encoding="UTF-8"?>
<!-- Generated by org.testng.reporters.JUnitReportReporter -->
<testsuite skipped="0" hostname="LAPTOP-A7HIT538" name="com.codekuul.uitest.MyAccountPageTest" tests="1" failures="0" timestamp="2021-12-13T15:22:46 IST" time="29.126" errors="0">
  <testcase name="validateLogOut" time="29.126" classname="com.codekuul.uitest.MyAccountPageTest"/>
  <system-out/>
</testsuite> <!-- com.codekuul.uitest.MyAccountPageTest -->
