<?xml version="1.0" encoding="UTF-8"?>
<!-- Generated by org.testng.reporters.JUnitReportReporter -->
<testsuite skipped="0" hostname="LAPTOP-A7HIT538" name="com.codekuul.uitest.SignInPageTests" tests="1" failures="0" timestamp="2022-01-29T15:15:57 IST" time="52.160" errors="0">
  <testcase name="validateSignInWithValidInput" time="52.160" classname="com.codekuul.uitest.SignInPageTests"/>
  <system-out/>
</testsuite> <!-- com.codekuul.uitest.SignInPageTests -->
