<?xml version="1.0" encoding="UTF-8"?>
<!-- Generated by org.testng.reporters.JUnitReportReporter -->
<testsuite skipped="0" hostname="LAPTOP-A7HIT538" name="com.codekuul.uitest.JoinMeetingPageTests" tests="1" failures="0" timestamp="2021-12-22T09:43:31 IST" time="13.813" errors="0">
  <testcase name="validateQuickJoinMeetingForValidInput" time="13.813" classname="com.codekuul.uitest.JoinMeetingPageTests"/>
  <system-out/>
</testsuite> <!-- com.codekuul.uitest.JoinMeetingPageTests -->
