<?xml version="1.0" encoding="UTF-8"?>
<!-- Generated by org.testng.reporters.JUnitReportReporter -->
<testsuite skipped="0" hostname="LAPTOP-A7HIT538" name="com.codekuul.uitest.MyAccountPageTest" tests="1" failures="0" timestamp="2021-12-09T10:34:08 IST" time="53.350" errors="0">
  <testcase name="validateWebinarLink" time="53.350" classname="com.codekuul.uitest.MyAccountPageTest"/>
  <system-out/>
</testsuite> <!-- com.codekuul.uitest.MyAccountPageTest -->
